0 info it worked if it ends with ok
1 verbose cli [ 'node', '/usr/local/bin/npm', 'install', 'browserify', '-g' ]
2 info using npm@2.11.3
3 info using node@v0.12.7
4 verbose install initial load of /usr/local/lib/package.json
5 verbose readDependencies loading dependencies from /usr/local/lib/package.json
6 silly cache add args [ 'browserify', null ]
7 verbose cache add spec browserify
8 silly cache add parsed spec { raw: 'browserify',
8 silly cache add   scope: null,
8 silly cache add   name: 'browserify',
8 silly cache add   rawSpec: '',
8 silly cache add   spec: '*',
8 silly cache add   type: 'range' }
9 silly addNamed browserify@*
10 verbose addNamed "*" is a valid semver range for browserify
11 silly addNameRange { name: 'browserify', range: '*', hasData: false }
12 silly mapToRegistry name browserify
13 silly mapToRegistry using default registry
14 silly mapToRegistry registry https://registry.npmjs.org/
15 silly mapToRegistry uri https://registry.npmjs.org/browserify
16 verbose addNameRange registry:https://registry.npmjs.org/browserify not in flight; fetching
17 verbose get https://registry.npmjs.org/browserify not expired, no request
18 silly addNameRange number 2 { name: 'browserify', range: '*', hasData: true }
19 silly addNameRange versions [ 'browserify',
19 silly addNameRange   [ '0.0.1',
19 silly addNameRange     '0.0.2',
19 silly addNameRange     '0.0.3',
19 silly addNameRange     '0.0.4',
19 silly addNameRange     '0.0.5',
19 silly addNameRange     '0.1.0',
19 silly addNameRange     '0.1.1',
19 silly addNameRange     '0.1.2',
19 silly addNameRange     '0.1.3',
19 silly addNameRange     '0.1.4',
19 silly addNameRange     '0.1.5',
19 silly addNameRange     '0.2.0',
19 silly addNameRange     '0.2.1',
19 silly addNameRange     '0.2.2',
19 silly addNameRange     '0.2.3',
19 silly addNameRange     '0.2.4',
19 silly addNameRange     '0.2.5',
19 silly addNameRange     '0.2.6',
19 silly addNameRange     '0.2.7',
19 silly addNameRange     '0.2.8',
19 silly addNameRange     '0.2.9',
19 silly addNameRange     '0.2.10',
19 silly addNameRange     '0.2.11',
19 silly addNameRange     '0.3.0',
19 silly addNameRange     '0.3.1',
19 silly addNameRange     '0.3.2',
19 silly addNameRange     '0.3.3',
19 silly addNameRange     '0.3.4',
19 silly addNameRange     '0.3.5',
19 silly addNameRange     '0.3.6',
19 silly addNameRange     '0.3.7',
19 silly addNameRange     '0.4.0',
19 silly addNameRange     '0.4.1',
19 silly addNameRange     '0.4.2',
19 silly addNameRange     '0.4.3',
19 silly addNameRange     '0.4.4',
19 silly addNameRange     '0.4.5',
19 silly addNameRange     '0.4.6',
19 silly addNameRange     '0.4.7',
19 silly addNameRange     '0.4.8',
19 silly addNameRange     '0.4.9',
19 silly addNameRange     '0.4.10',
19 silly addNameRange     '0.4.11',
19 silly addNameRange     '0.4.12',
19 silly addNameRange     '0.4.13',
19 silly addNameRange     '0.4.14',
19 silly addNameRange     '0.4.15',
19 silly addNameRange     '0.5.0',
19 silly addNameRange     '0.5.1',
19 silly addNameRange     '0.5.2',
19 silly addNameRange     '1.0.0',
19 silly addNameRange     '1.1.0',
19 silly addNameRange     '1.1.1',
19 silly addNameRange     '1.1.2',
19 silly addNameRange     '1.1.3',
19 silly addNameRange     '1.1.4',
19 silly addNameRange     '1.2.0',
19 silly addNameRange     '1.2.1',
19 silly addNameRange     '1.2.2',
19 silly addNameRange     '1.2.3',
19 silly addNameRange     '1.2.4',
19 silly addNameRange     '1.2.5',
19 silly addNameRange     '1.2.6',
19 silly addNameRange     '1.2.7',
19 silly addNameRange     '1.2.8',
19 silly addNameRange     '1.2.9',
19 silly addNameRange     '1.3.0',
19 silly addNameRange     '1.4.0',
19 silly addNameRange     '1.4.1',
19 silly addNameRange     '1.4.2',
19 silly addNameRange     '1.4.3',
19 silly addNameRange     '1.4.4',
19 silly addNameRange     '1.4.5',
19 silly addNameRange     '1.4.6',
19 silly addNameRange     '1.4.7',
19 silly addNameRange     '1.4.8',
19 silly addNameRange     '1.5.0',
19 silly addNameRange     '1.6.0',
19 silly addNameRange     '1.6.1',
19 silly addNameRange     '1.7.0',
19 silly addNameRange     '1.7.1',
19 silly addNameRange     '1.7.2',
19 silly addNameRange     '1.7.3',
19 silly addNameRange     '1.7.4',
19 silly addNameRange     '1.7.5',
19 silly addNameRange     '1.7.6',
19 silly addNameRange     '1.7.7',
19 silly addNameRange     '1.8.0',
19 silly addNameRange     '1.8.1',
19 silly addNameRange     '1.8.2',
19 silly addNameRange     '1.8.3',
19 silly addNameRange     '1.9.0',
19 silly addNameRange     '1.9.1',
19 silly addNameRange     '1.9.2',
19 silly addNameRange     '1.9.3',
19 silly addNameRange     '1.9.4',
19 silly addNameRange     '1.10.0',
19 silly addNameRange     '1.10.1',
19 silly addNameRange     '1.10.2',
19 silly addNameRange     '1.10.3',
19 silly addNameRange     '1.10.4',
19 silly addNameRange     '1.10.5',
19 silly addNameRange     '1.10.6',
19 silly addNameRange     '1.10.7',
19 silly addNameRange     '1.10.8',
19 silly addNameRange     '1.10.9',
19 silly addNameRange     '1.10.11',
19 silly addNameRange     '1.10.12',
19 silly addNameRange     '1.10.13',
19 silly addNameRange     '1.10.14',
19 silly addNameRange     '1.10.15',
19 silly addNameRange     '1.10.16',
19 silly addNameRange     '1.10.17',
19 silly addNameRange     '1.11.0',
19 silly addNameRange     '1.11.1',
19 silly addNameRange     '1.12.0',
19 silly addNameRange     '1.12.1',
19 silly addNameRange     '1.12.2',
19 silly addNameRange     '1.12.3',
19 silly addNameRange     '1.13.0',
19 silly addNameRange     '1.13.1',
19 silly addNameRange     '1.13.2',
19 silly addNameRange     '1.13.3',
19 silly addNameRange     '1.13.4',
19 silly addNameRange     '1.13.5',
19 silly addNameRange     '1.13.6',
19 silly addNameRange     '1.13.8',
19 silly addNameRange     '1.13.9',
19 silly addNameRange     '1.13.10',
19 silly addNameRange     '1.14.0',
19 silly addNameRange     '1.14.1',
19 silly addNameRange     '1.14.2',
19 silly addNameRange     '1.14.3',
19 silly addNameRange     '1.14.4',
19 silly addNameRange     '1.14.5',
19 silly addNameRange     '1.15.0',
19 silly addNameRange     '1.15.1',
19 silly addNameRange     '1.15.2',
19 silly addNameRange     '1.15.3',
19 silly addNameRange     '1.15.4',
19 silly addNameRange     '1.15.5',
19 silly addNameRange     '1.15.6',
19 silly addNameRange     '1.16.0',
19 silly addNameRange     '1.16.1',
19 silly addNameRange     '1.16.2',
19 silly addNameRange     '1.16.3',
19 silly addNameRange     '1.16.4',
19 silly addNameRange     '1.16.5',
19 silly addNameRange     '1.16.6',
19 silly addNameRange     '1.16.7',
19 silly addNameRange     '1.16.8',
19 silly addNameRange     '1.17.0',
19 silly addNameRange     '1.17.1',
19 silly addNameRange     '1.17.2',
19 silly addNameRange     '1.17.3',
19 silly addNameRange     '1.18.0',
19 silly addNameRange     '2.0.0',
19 silly addNameRange     '2.0.1',
19 silly addNameRange     '2.1.0',
19 silly addNameRange     '2.2.0',
19 silly addNameRange     '2.2.1',
19 silly addNameRange     '2.2.2',
19 silly addNameRange     '2.2.3',
19 silly addNameRange     '2.2.4',
19 silly addNameRange     '2.2.5',
19 silly addNameRange     '2.2.6',
19 silly addNameRange     '2.3.0',
19 silly addNameRange     '2.3.1',
19 silly addNameRange     '2.4.0',
19 silly addNameRange     '2.4.1',
19 silly addNameRange     '2.4.2',
19 silly addNameRange     '2.4.3',
19 silly addNameRange     '2.5.0',
19 silly addNameRange     '2.5.1',
19 silly addNameRange     '2.6.0',
19 silly addNameRange     '2.6.1',
19 silly addNameRange     '2.7.0',
19 silly addNameRange     '2.7.1',
19 silly addNameRange     '2.7.2',
19 silly addNameRange     '2.7.3',
19 silly addNameRange     '2.7.4',
19 silly addNameRange     '2.8.0',
19 silly addNameRange     '2.8.1',
19 silly addNameRange     '2.9.0',
19 silly addNameRange     '2.10.0',
19 silly addNameRange     '2.10.1',
19 silly addNameRange     '2.10.2',
19 silly addNameRange     '2.11.0',
19 silly addNameRange     '2.12.0',
19 silly addNameRange     '2.12.1',
19 silly addNameRange     '2.12.2',
19 silly addNameRange     '2.12.3',
19 silly addNameRange     '2.12.4',
19 silly addNameRange     '2.12.5',
19 silly addNameRange     '2.13.0',
19 silly addNameRange     '2.13.1',
19 silly addNameRange     '2.13.2',
19 silly addNameRange     '2.13.3',
19 silly addNameRange     '2.14.0',
19 silly addNameRange     '2.14.1',
19 silly addNameRange     '2.14.2',
19 silly addNameRange     '2.15.0',
19 silly addNameRange     '2.16.0',
19 silly addNameRange     '2.17.0',
19 silly addNameRange     '2.17.1',
19 silly addNameRange     '2.17.2',
19 silly addNameRange     '2.17.3',
19 silly addNameRange     '2.17.4',
19 silly addNameRange     '2.18.0',
19 silly addNameRange     '2.18.1',
19 silly addNameRange     '2.19.0',
19 silly addNameRange     '2.20.0',
19 silly addNameRange     '2.20.1',
19 silly addNameRange     '2.20.2',
19 silly addNameRange     '2.21.0',
19 silly addNameRange     '2.22.0',
19 silly addNameRange     '2.23.0',
19 silly addNameRange     '2.23.1',
19 silly addNameRange     '2.24.0',
19 silly addNameRange     '2.24.1',
19 silly addNameRange     '2.24.2',
19 silly addNameRange     '2.24.3',
19 silly addNameRange     '2.25.0',
19 silly addNameRange     '2.25.1',
19 silly addNameRange     '2.26.0',
19 silly addNameRange     '2.27.0',
19 silly addNameRange     '2.27.1',
19 silly addNameRange     '2.28.0',
19 silly addNameRange     '2.29.0',
19 silly addNameRange     '2.29.1',
19 silly addNameRange     '2.30.0',
19 silly addNameRange     '2.31.0',
19 silly addNameRange     '2.32.0',
19 silly addNameRange     '2.32.1',
19 silly addNameRange     '2.32.2',
19 silly addNameRange     '2.32.3',
19 silly addNameRange     '2.32.4',
19 silly addNameRange     '2.33.0',
19 silly addNameRange     '2.33.1',
19 silly addNameRange     '2.34.0',
19 silly addNameRange     '2.34.1',
19 silly addNameRange     '2.34.2',
19 silly addNameRange     '2.34.3',
19 silly addNameRange     '2.35.0',
19 silly addNameRange     '2.35.1',
19 silly addNameRange     '2.35.2',
19 silly addNameRange     '2.35.3',
19 silly addNameRange     '2.35.4',
19 silly addNameRange     '2.36.0',
19 silly addNameRange     '2.36.1',
19 silly addNameRange     '3.0.0',
19 silly addNameRange     '3.1.0',
19 silly addNameRange     '3.1.1',
19 silly addNameRange     '3.1.2',
19 silly addNameRange     '3.1.3',
19 silly addNameRange     '3.2.0',
19 silly addNameRange     '3.2.1',
19 silly addNameRange     '3.2.2',
19 silly addNameRange     '3.3.0',
19 silly addNameRange     '3.4.0',
19 silly addNameRange     '3.4.1',
19 silly addNameRange     '3.5.0',
19 silly addNameRange     '3.6.0',
19 silly addNameRange     '3.7.0',
19 silly addNameRange     '3.8.0',
19 silly addNameRange     '3.8.1',
19 silly addNameRange     '3.9.0',
19 silly addNameRange     '3.9.1',
19 silly addNameRange     '3.10.0',
19 silly addNameRange     '3.11.0',
19 silly addNameRange     '3.11.1',
19 silly addNameRange     '3.12.0',
19 silly addNameRange     '3.13.0',
19 silly addNameRange     '3.14.0',
19 silly addNameRange     '3.14.1',
19 silly addNameRange     '3.16.0',
19 silly addNameRange     '3.16.1',
19 silly addNameRange     '3.17.0',
19 silly addNameRange     '3.18.0',
19 silly addNameRange     '3.19.0',
19 silly addNameRange     '3.19.1',
19 silly addNameRange     '3.20.0',
19 silly addNameRange     '3.20.1',
19 silly addNameRange     '3.20.2',
19 silly addNameRange     '3.21.0',
19 silly addNameRange     '3.21.1',
19 silly addNameRange     '3.22.0',
19 silly addNameRange     '3.22.1',
19 silly addNameRange     '3.23.0',
19 silly addNameRange     '3.23.1',
19 silly addNameRange     '3.24.0',
19 silly addNameRange     '3.24.1',
19 silly addNameRange     '3.24.2',
19 silly addNameRange     '3.24.3',
19 silly addNameRange     '3.24.4',
19 silly addNameRange     '3.24.5',
19 silly addNameRange     '3.24.6',
19 silly addNameRange     '3.24.7',
19 silly addNameRange     '3.24.8',
19 silly addNameRange     '3.24.9',
19 silly addNameRange     '3.24.10',
19 silly addNameRange     '3.24.11',
19 silly addNameRange     '3.24.13',
19 silly addNameRange     '3.25.0',
19 silly addNameRange     '3.25.1',
19 silly addNameRange     '3.25.2',
19 silly addNameRange     '3.26.0',
19 silly addNameRange     '3.27.0',
19 silly addNameRange     '3.27.1',
19 silly addNameRange     '3.28.0',
19 silly addNameRange     '3.28.1',
19 silly addNameRange     '3.28.2',
19 silly addNameRange     '3.29.0',
19 silly addNameRange     '3.29.1',
19 silly addNameRange     '3.30.0',
19 silly addNameRange     '3.30.1',
19 silly addNameRange     '3.30.2',
19 silly addNameRange     '3.30.3',
19 silly addNameRange     '3.30.4',
19 silly addNameRange     '3.31.0',
19 silly addNameRange     '3.31.1',
19 silly addNameRange     '3.31.2',
19 silly addNameRange     '3.32.0',
19 silly addNameRange     '3.32.1',
19 silly addNameRange     '3.33.0',
19 silly addNameRange     '3.33.1',
19 silly addNameRange     '3.34.0',
19 silly addNameRange     '3.35.0',
19 silly addNameRange     '3.36.0',
19 silly addNameRange     '3.36.1',
19 silly addNameRange     '3.37.0',
19 silly addNameRange     '3.37.1',
19 silly addNameRange     '3.37.2',
19 silly addNameRange     '3.38.0',
19 silly addNameRange     '3.38.1',
19 silly addNameRange     '3.39.0',
19 silly addNameRange     '3.40.0',
19 silly addNameRange     '3.40.1',
19 silly addNameRange     '3.40.2',
19 silly addNameRange     '3.40.3',
19 silly addNameRange     '3.40.4',
19 silly addNameRange     '3.41.0',
19 silly addNameRange     '3.42.0',
19 silly addNameRange     '3.43.0',
19 silly addNameRange     '3.44.0',
19 silly addNameRange     '3.44.1',
19 silly addNameRange     '3.44.2',
19 silly addNameRange     '3.45.0',
19 silly addNameRange     '3.46.0',
19 silly addNameRange     '3.46.1',
19 silly addNameRange     '4.0.0',
19 silly addNameRange     '4.1.0',
19 silly addNameRange     '4.1.1',
19 silly addNameRange     '4.1.2',
19 silly addNameRange     '4.1.3',
19 silly addNameRange     '4.1.4',
19 silly addNameRange     '4.1.5',
19 silly addNameRange     '4.1.6',
19 silly addNameRange     '4.1.7',
19 silly addNameRange     '4.1.8',
19 silly addNameRange     '4.1.9',
19 silly addNameRange     '4.1.10',
19 silly addNameRange     '4.1.11',
19 silly addNameRange     '4.2.0',
19 silly addNameRange     '4.2.1',
19 silly addNameRange     '4.2.2',
19 silly addNameRange     '4.2.3',
19 silly addNameRange     '5.0.0',
19 silly addNameRange     '5.0.1',
19 silly addNameRange     '5.0.2',
19 silly addNameRange     '5.0.3',
19 silly addNameRange     '5.0.4',
19 silly addNameRange     '5.0.5',
19 silly addNameRange     '5.0.6',
19 silly addNameRange     '5.0.7',
19 silly addNameRange     '5.0.8',
19 silly addNameRange     '5.1.0',
19 silly addNameRange     '5.1.1',
19 silly addNameRange     '5.2.0',
19 silly addNameRange     '5.2.1',
19 silly addNameRange     '5.3.0',
19 silly addNameRange     '5.4.0',
19 silly addNameRange     '5.4.1',
19 silly addNameRange     '5.4.2',
19 silly addNameRange     '5.5.0',
19 silly addNameRange     '5.6.0',
19 silly addNameRange     '5.6.1',
19 silly addNameRange     '5.7.0',
19 silly addNameRange     '5.8.0',
19 silly addNameRange     '5.9.0',
19 silly addNameRange     '5.9.1',
19 silly addNameRange     '5.9.2',
19 silly addNameRange     '5.9.3',
19 silly addNameRange     '5.10.0',
19 silly addNameRange     '5.10.1',
19 silly addNameRange     '5.11.0',
19 silly addNameRange     '5.11.1',
19 silly addNameRange     '5.11.2',
19 silly addNameRange     '5.12.0',
19 silly addNameRange     '5.12.1',
19 silly addNameRange     '5.12.2',
19 silly addNameRange     '5.13.0',
19 silly addNameRange     '5.13.1',
19 silly addNameRange     '6.0.0',
19 silly addNameRange     '6.0.1',
19 silly addNameRange     '6.0.2',
19 silly addNameRange     '6.0.3',
19 silly addNameRange     '6.1.0',
19 silly addNameRange     '6.1.1',
19 silly addNameRange     '6.1.2',
19 silly addNameRange     '6.2.0',
19 silly addNameRange     '6.3.0',
19 silly addNameRange     '6.3.1',
19 silly addNameRange     '6.3.2',
19 silly addNameRange     '6.3.3',
19 silly addNameRange     '6.3.4',
19 silly addNameRange     '7.0.0',
19 silly addNameRange     '7.0.1',
19 silly addNameRange     '7.0.2',
19 silly addNameRange     '7.0.3',
19 silly addNameRange     '7.1.0',
19 silly addNameRange     '8.0.0',
19 silly addNameRange     '8.0.1',
19 silly addNameRange     '8.0.2',
19 silly addNameRange     '8.0.3',
19 silly addNameRange     '8.1.0',
19 silly addNameRange     '8.1.1',
19 silly addNameRange     '8.1.2',
19 silly addNameRange     '8.1.3',
19 silly addNameRange     '9.0.0',
19 silly addNameRange     '9.0.1',
19 silly addNameRange     '9.0.2',
19 silly addNameRange     '9.0.3',
19 silly addNameRange     '9.0.4',
19 silly addNameRange     '9.0.5',
19 silly addNameRange     '9.0.6',
19 silly addNameRange     '9.0.7',
19 silly addNameRange     '9.0.8',
19 silly addNameRange     '10.0.0',
19 silly addNameRange     '10.1.0',
19 silly addNameRange     '10.1.1',
19 silly addNameRange     '10.1.2',
19 silly addNameRange     '10.1.3',
19 silly addNameRange     '10.2.0',
19 silly addNameRange     '10.2.1',
19 silly addNameRange     '10.2.3',
19 silly addNameRange     '10.2.4',
19 silly addNameRange     '10.2.5',
19 silly addNameRange     '10.2.6',
19 silly addNameRange     '11.0.0',
19 silly addNameRange     '11.0.1',
19 silly addNameRange     '11.1.0',
19 silly addNameRange     '11.2.0',
19 silly addNameRange     '12.0.0',
19 silly addNameRange     '12.0.1' ] ]
20 silly addNamed browserify@12.0.1
21 verbose addNamed "12.0.1" is a plain semver version for browserify
22 silly cache afterAdd browserify@12.0.1
23 verbose afterAdd /Users/vitaliidmyterko/.npm/browserify/12.0.1/package/package.json not in flight; writing
24 verbose afterAdd /Users/vitaliidmyterko/.npm/browserify/12.0.1/package/package.json written
25 silly install resolved [ { name: 'browserify',
25 silly install resolved     version: '12.0.1',
25 silly install resolved     description: 'browser-side require() the node way',
25 silly install resolved     main: 'index.js',
25 silly install resolved     bin: { browserify: 'bin/cmd.js' },
25 silly install resolved     repository:
25 silly install resolved      { type: 'git',
25 silly install resolved        url: 'git+ssh://git@github.com/substack/node-browserify.git' },
25 silly install resolved     keywords:
25 silly install resolved      [ 'browser',
25 silly install resolved        'require',
25 silly install resolved        'commonjs',
25 silly install resolved        'commonj-esque',
25 silly install resolved        'bundle',
25 silly install resolved        'npm',
25 silly install resolved        'javascript' ],
25 silly install resolved     dependencies:
25 silly install resolved      { JSONStream: '^1.0.3',
25 silly install resolved        assert: '~1.3.0',
25 silly install resolved        'browser-pack': '^6.0.1',
25 silly install resolved        'browser-resolve': '^1.7.1',
25 silly install resolved        'browserify-zlib': '~0.1.2',
25 silly install resolved        buffer: '^3.4.3',
25 silly install resolved        'concat-stream': '~1.5.1',
25 silly install resolved        'console-browserify': '^1.1.0',
25 silly install resolved        'constants-browserify': '~1.0.0',
25 silly install resolved        'crypto-browserify': '^3.0.0',
25 silly install resolved        defined: '^1.0.0',
25 silly install resolved        'deps-sort': '^2.0.0',
25 silly install resolved        'domain-browser': '~1.1.0',
25 silly install resolved        duplexer2: '~0.1.2',
25 silly install resolved        events: '~1.1.0',
25 silly install resolved        glob: '^5.0.15',
25 silly install resolved        has: '^1.0.0',
25 silly install resolved        htmlescape: '^1.1.0',
25 silly install resolved        'stream-http': '^2.0.0',
25 silly install resolved        'https-browserify': '~0.0.0',
25 silly install resolved        inherits: '~2.0.1',
25 silly install resolved        'insert-module-globals': '^7.0.0',
25 silly install resolved        isarray: '0.0.1',
25 silly install resolved        'labeled-stream-splicer': '^2.0.0',
25 silly install resolved        'module-deps': '^4.0.2',
25 silly install resolved        'os-browserify': '~0.1.1',
25 silly install resolved        parents: '^1.0.1',
25 silly install resolved        'path-browserify': '~0.0.0',
25 silly install resolved        process: '~0.11.0',
25 silly install resolved        punycode: '^1.3.2',
25 silly install resolved        'querystring-es3': '~0.2.0',
25 silly install resolved        'read-only-stream': '^2.0.0',
25 silly install resolved        'readable-stream': '^2.0.2',
25 silly install resolved        resolve: '^1.1.4',
25 silly install resolved        shasum: '^1.0.0',
25 silly install resolved        'shell-quote': '^1.4.3',
25 silly install resolved        'stream-browserify': '^2.0.0',
25 silly install resolved        string_decoder: '~0.10.0',
25 silly install resolved        subarg: '^1.0.0',
25 silly install resolved        'syntax-error': '^1.1.1',
25 silly install resolved        through2: '^2.0.0',
25 silly install resolved        'timers-browserify': '^1.0.1',
25 silly install resolved        'tty-browserify': '~0.0.0',
25 silly install resolved        url: '~0.11.0',
25 silly install resolved        util: '~0.10.1',
25 silly install resolved        'vm-browserify': '~0.0.1',
25 silly install resolved        xtend: '^4.0.0' },
25 silly install resolved     devDependencies:
25 silly install resolved      { backbone: '~0.9.2',
25 silly install resolved        'browser-unpack': '^1.1.1',
25 silly install resolved        'coffee-script': '~1.10.0',
25 silly install resolved        coffeeify: '~1.1.0',
25 silly install resolved        es6ify: '~0.4.8',
25 silly install resolved        isstream: '^0.1.2',
25 silly install resolved        seq: '0.3.5',
25 silly install resolved        tap: '^2.2.0',
25 silly install resolved        temp: '^0.8.1',
25 silly install resolved        through: '^2.3.4' },
25 silly install resolved     author:
25 silly install resolved      { name: 'James Halliday',
25 silly install resolved        email: 'mail@substack.net',
25 silly install resolved        url: 'http://substack.net' },
25 silly install resolved     scripts: { test: 'tap test/*.js' },
25 silly install resolved     license: 'MIT',
25 silly install resolved     gitHead: 'bbfabaa77fd18e81fe4fd74e104a8a793660f5c5',
25 silly install resolved     bugs: { url: 'https://github.com/substack/node-browserify/issues' },
25 silly install resolved     homepage: 'https://github.com/substack/node-browserify#readme',
25 silly install resolved     _id: 'browserify@12.0.1',
25 silly install resolved     _shasum: '2e0bd015384ed07feaac5b6466bd582c5085ec3e',
25 silly install resolved     _from: 'browserify@*',
25 silly install resolved     _npmVersion: '3.3.2',
25 silly install resolved     _nodeVersion: '4.2.1',
25 silly install resolved     _npmUser: { name: 'substack', email: 'substack@gmail.com' },
25 silly install resolved     dist:
25 silly install resolved      { shasum: '2e0bd015384ed07feaac5b6466bd582c5085ec3e',
25 silly install resolved        tarball: 'http://registry.npmjs.org/browserify/-/browserify-12.0.1.tgz' },
25 silly install resolved     maintainers:
25 silly install resolved      [ [Object],
25 silly install resolved        [Object],
25 silly install resolved        [Object],
25 silly install resolved        [Object],
25 silly install resolved        [Object],
25 silly install resolved        [Object],
25 silly install resolved        [Object],
25 silly install resolved        [Object],
25 silly install resolved        [Object],
25 silly install resolved        [Object] ],
25 silly install resolved     directories: {},
25 silly install resolved     _resolved: 'https://registry.npmjs.org/browserify/-/browserify-12.0.1.tgz',
25 silly install resolved     readme: 'ERROR: No README data found!' } ]
26 info install browserify@12.0.1 into /usr/local/lib
27 info installOne browserify@12.0.1
28 verbose installOne of browserify to /usr/local/lib not in flight; installing
29 verbose lock using /Users/vitaliidmyterko/.npm/_locks/browserify-361ec04d0c7090cb.lock for /usr/local/lib/node_modules/browserify
30 silly install write writing browserify 12.0.1 to /usr/local/lib/node_modules/browserify
31 verbose unbuild lib/node_modules/browserify
32 info preuninstall browserify@12.0.1
33 info uninstall browserify@12.0.1
34 verbose unbuild rmStuff browserify@12.0.1 from /usr/local/lib/node_modules
35 silly gentlyRm /usr/local/bin/browserify is being gently removed
36 silly gentlyRm verifying /usr/local is an npm working directory
37 silly gentlyRm containing path /usr/local is under npm's control, in /usr/local
38 silly gentlyRm deletion target /usr/local/bin/browserify is under /usr/local
39 verbose gentlyRm vacuuming from /usr/local/bin/browserify up to /usr/local
40 silly vacuum-fs removing /usr/local/bin/browserify
41 silly vacuum-fs quitting because other entries in /usr/local/bin
42 info postuninstall browserify@12.0.1
43 silly gentlyRm /usr/local/lib/node_modules/browserify is being purged from base /usr/local
44 verbose gentlyRm don't care about contents; nuking /usr/local/lib/node_modules/browserify
45 silly vacuum-fs purging /usr/local/lib/node_modules/browserify
46 verbose unlock done using /Users/vitaliidmyterko/.npm/_locks/browserify-361ec04d0c7090cb.lock for /usr/local/lib/node_modules/browserify
47 verbose stack Error: EACCES, rmdir '/usr/local/lib/node_modules/browserify'
47 verbose stack     at Error (native)
48 verbose cwd /Users/vitaliidmyterko/projects/tests/mdTest/js
49 error Darwin 14.4.0
50 error argv "node" "/usr/local/bin/npm" "install" "browserify" "-g"
51 error node v0.12.7
52 error npm  v2.11.3
53 error path /usr/local/lib/node_modules/browserify
54 error code EACCES
55 error errno -13
56 error Error: EACCES, rmdir '/usr/local/lib/node_modules/browserify'
56 error     at Error (native)
56 error  { [Error: EACCES, rmdir '/usr/local/lib/node_modules/browserify']
56 error   errno: -13,
56 error   code: 'EACCES',
56 error   path: '/usr/local/lib/node_modules/browserify' }
57 error Please try running this command again as root/Administrator.
58 verbose exit [ -13, true ]
59 verbose unbuild lib/node_modules/browserify
60 info preuninstall browserify@12.0.1
61 info uninstall browserify@12.0.1
62 verbose unbuild rmStuff browserify@12.0.1 from /usr/local/lib/node_modules
63 silly gentlyRm /usr/local/bin/browserify is being gently removed
64 silly gentlyRm verifying /usr/local is an npm working directory
65 silly gentlyRm containing path /usr/local is under npm's control, in /usr/local
66 silly gentlyRm deletion target /usr/local/bin/browserify is under /usr/local
67 verbose gentlyRm vacuuming from /usr/local/bin/browserify up to /usr/local
68 info postuninstall browserify@12.0.1
69 silly gentlyRm /usr/local/lib/node_modules/browserify is being purged from base /usr/local
70 verbose gentlyRm don't care about contents; nuking /usr/local/lib/node_modules/browserify
71 silly vacuum-fs purging /usr/local/lib/node_modules/browserify
72 error error rolling back Error: EACCES, rmdir '/usr/local/lib/node_modules/browserify'
72 error error rolling back     at Error (native)
72 error error rolling back  { [Error: EACCES, rmdir '/usr/local/lib/node_modules/browserify']
72 error error rolling back   errno: -13,
72 error error rolling back   code: 'EACCES',
72 error error rolling back   path: '/usr/local/lib/node_modules/browserify' }
